<?xml version="1.0" encoding="UTF-8"?>
<testsuite name="com.example.project.TestBinary" tests="7" skipped="0" failures="0" errors="0" timestamp="2025-02-24T14:07:39" hostname="codespaces-59768b" time="0.086">
  <properties/>
  <testcase name="testBinarySearch_SingleElementArray_TargetFound()" classname="com.example.project.TestBinary" time="0.044"/>
  <testcase name="testBinarySearch_TargetNotFound()" classname="com.example.project.TestBinary" time="0.017"/>
  <testcase name="testBinarySearch_SingleElementArray_TargetNotFound()" classname="com.example.project.TestBinary" time="0.002"/>
  <testcase name="testBinarySearch_TargetAtEnd()" classname="com.example.project.TestBinary" time="0.001"/>
  <testcase name="testBinarySearch_TargetFound()" classname="com.example.project.TestBinary" time="0.002"/>
  <testcase name="testBinarySearch_EmptyArray()" classname="com.example.project.TestBinary" time="0.001"/>
  <testcase name="testBinarySearch_TargetAtStart()" classname="com.example.project.TestBinary" time="0.004"/>
  <system-out><![CDATA[4
4
3
1
4
6
2
0
]]></system-out>
  <system-err><![CDATA[]]></system-err>
</testsuite>
